IQ-TREE version 3.0.1 for Linux x86 64-bit built Jul  9 2025
Developed by Bui Quang Minh, Thomas Wong, Nhan Ly-Trong, Huaiyan Ren
Contributed by Lam-Tung Nguyen, Dominik Schrempf, Chris Bielow,
Olga Chernomor, Michael Woodhams, Diep Thi Hoang, Heiko Schmidt

Host:    localhost.localdomain (AVX2, FMA3, 15 GB RAM)
Command: iqtree -s OTX2-aligned.phy -B 1000 -alrt 1000
Seed:    281309 (Using SPRNG - Scalable Parallel Random Number Generator)
Time:    Wed Dec 17 22:22:02 2025
Kernel:  AVX+FMA - 1 threads (24 CPU cores detected)

HINT: Use -nt option to specify number of threads because your CPU has 24 cores!
HINT: -nt AUTO will automatically determine the best number of threads to use.

Reading alignment file OTX2-aligned.phy ... Phylip format detected
Alignment most likely contains protein sequences
Constructing alignment: done in 0.000190808 secs using 25.68% CPU
Alignment has 9 sequences with 664 columns, 314 distinct patterns
42 parsimony-informative, 174 singleton sites, 447 constant sites
            Gap/Ambiguity  Composition  p-value
Analyzing sequences: done in 3.941e-06 secs
   1  KAH0509069   30.72%    passed     99.89%
   2  KFO25916.1   42.02%    passed     99.80%
   3  KAL4692858   30.42%    passed     99.84%
   4  KAL0602389   48.95%    passed     98.30%
   5  KYO18503.1   43.83%    passed    100.00%
   6  XP_0581493   31.17%    passed     98.88%
   7  PIO25917.1   44.73%    passed     99.66%
   8  KAH1171127   14.16%    passed     58.68%
   9  KAK2536595   26.66%    passed     99.22%
****  TOTAL        34.74%  0 sequences failed composition chi2 test (p-value<5%; df=19)
Checking for duplicate sequences: done in 9.253e-06 secs


Create initial parsimony tree by phylogenetic likelihood library (PLL)... 0.000 seconds
Perform fast likelihood tree search using LG+I+G model...
Estimate model parameters (epsilon = 5.000)
Perform nearest neighbor interchange...
Optimizing NNI: done in 0.0667846 secs using 99.92% CPU
Estimate model parameters (epsilon = 1.000)
1. Initial log-likelihood: -4624.940
Optimal log-likelihood: -4624.627
Proportion of invariable sites: 0.357
Gamma shape alpha: 0.229
Parameters optimization took 1 rounds (0.023 sec)
Time for fast ML tree search: 0.158 seconds

NOTE: ModelFinder requires 5 MB RAM!
ModelFinder will test up to 1232 protein models (sample size: 664 epsilon: 0.100) ...
 No. Model         -LnL         df  AIC          AICc         BIC
  1  LG            5241.083     15  10512.165    10512.906    10579.640
  2  LG+I          4690.878     16  9413.755     9414.596     9485.728
  3  LG+G4         4648.922     16  9329.845     9330.686     9401.817
  4  LG+I+G4       4623.523     17  9281.046     9281.993     9357.517
  5  LG+R2         4643.589     17  9321.178     9322.125     9397.649
  6  LG+R3         4620.832     19  9279.665     9280.845     9365.132
  7  LG+R4         4618.637     21  9279.273     9280.712     9373.737
 14  LG+I+R2       4641.299     18  9318.599     9319.659     9399.568
 15  LG+I+R3       4618.478     20  9276.955     9278.262     9366.921
 16  LG+I+R4       4616.166     22  9276.332     9277.911     9375.295
 26  LG+F+I+G4     4570.390     36  9212.779     9217.028     9374.718
 28  LG+F+R3       4568.872     38  9213.744     9218.486     9384.679
 37  LG+F+I+R3     4565.001     39  9208.002     9213.002     9383.435
 48  WAG+I+G4      4603.165     17  9240.331     9241.278     9316.801
 50  WAG+R3        4597.289     19  9232.578     9233.758     9318.045
 59  WAG+I+R3      4596.017     20  9232.035     9233.341     9322.000
 70  WAG+F+I+G4    4568.182     36  9208.365     9212.613     9370.303
 72  WAG+F+R3      4563.211     38  9202.421     9207.163     9373.356
 81  WAG+F+I+R3    4561.728     39  9201.457     9206.457     9376.890
 92  JTT+I+G4      4588.078     17  9210.156     9211.104     9286.627
 94  JTT+R3        4584.480     19  9206.959     9208.139     9292.427
103  JTT+I+R3      4583.859     20  9207.717     9209.024     9297.683
114  JTT+F+I+G4    4570.953     36  9213.905     9218.154     9375.843
116  JTT+F+R3      4568.435     38  9212.870     9217.613     9383.805
125  JTT+F+I+R3    4567.353     39  9212.706     9217.706     9388.139
136  Q.PFAM+I+G4   4613.497     17  9260.993     9261.941     9337.464
138  Q.PFAM+R3     4608.463     19  9254.925     9256.105     9340.393
147  Q.PFAM+I+R3   4607.684     20  9255.367     9256.674     9345.333
158  Q.PFAM+F+I+G4 4568.894     36  9209.788     9214.037     9371.726
160  Q.PFAM+F+R3   4564.992     38  9205.984     9210.727     9376.919
169  Q.PFAM+F+I+R3 4563.695     39  9205.390     9210.390     9380.823
180  Q.BIRD+I+G4   4588.564     17  9211.128     9212.075     9287.599
182  Q.BIRD+R3     4587.534     19  9213.068     9214.248     9298.535
191  Q.BIRD+I+R3   4586.826     20  9213.653     9214.959     9303.619
202  Q.BIRD+F+I+G4 4582.811     36  9237.621     9241.870     9399.559
204  Q.BIRD+F+R3   4582.395     38  9240.790     9245.533     9411.725
213  Q.BIRD+F+I+R3 4581.627     39  9241.254     9246.254     9416.687
224  Q.MAMMAL+I+G4 4578.977     17  9191.954     9192.902     9268.425
226  Q.MAMMAL+R3   4577.175     19  9192.349     9193.529     9277.817
235  Q.MAMMAL+I+R3 4576.864     20  9193.728     9195.034     9283.694
246  Q.MAMMAL+F+I+G4 4575.495     36  9222.990     9227.239     9384.929
248  Q.MAMMAL+F+R3 4574.152     38  9224.304     9229.046     9395.239
257  Q.MAMMAL+F+I+R3 4573.749     39  9225.499     9230.499     9400.932
268  Q.INSECT+I+G4 4661.699     17  9357.398     9358.345     9433.868
270  Q.INSECT+R3   4657.867     19  9353.733     9354.913     9439.201
279  Q.INSECT+I+R3 4657.345     20  9354.691     9355.997     9444.656
290  Q.INSECT+F+I+G4 4572.813     36  9217.627     9221.876     9379.565
292  Q.INSECT+F+R3 4571.130     38  9218.261     9223.003     9389.196
301  Q.INSECT+F+I+R3 4569.998     39  9217.995     9222.995     9393.428
312  Q.PLANT+I+G4  4627.914     17  9289.829     9290.776     9366.300
314  Q.PLANT+R3    4624.560     19  9287.120     9288.300     9372.587
323  Q.PLANT+I+R3  4624.127     20  9288.253     9289.560     9378.219
334  Q.PLANT+F+I+G4 4580.561     36  9233.121     9237.370     9395.060
336  Q.PLANT+F+R3  4577.463     38  9230.926     9235.669     9401.861
345  Q.PLANT+F+I+R3 4577.044     39  9232.087     9237.087     9407.520
356  Q.YEAST+I+G4  4683.249     17  9400.499     9401.446     9476.969
358  Q.YEAST+R3    4679.366     19  9396.732     9397.912     9482.199
367  Q.YEAST+I+R3  4678.576     20  9397.152     9398.458     9487.117
378  Q.YEAST+F+I+G4 4573.233     36  9218.466     9222.715     9380.404
380  Q.YEAST+F+R3  4570.351     38  9216.702     9221.445     9387.637
389  Q.YEAST+F+I+R3 4569.229     39  9216.458     9221.458     9391.891
400  JTTDCMUT+I+G4 4588.563     17  9211.125     9212.073     9287.596
402  JTTDCMUT+R3   4585.074     19  9208.147     9209.327     9293.615
411  JTTDCMUT+I+R3 4584.341     20  9208.682     9209.989     9298.648
422  JTTDCMUT+F+I+G4 4570.936     36  9213.871     9218.120     9375.809
424  JTTDCMUT+F+R3 4568.486     38  9212.972     9217.715     9383.907
433  JTTDCMUT+F+I+R3 4567.364     39  9212.729     9217.729     9388.162
444  DCMUT+I+G4    4623.752     17  9281.504     9282.451     9357.975
446  DCMUT+R3      4620.962     19  9279.924     9281.104     9365.391
455  DCMUT+I+R3    4619.836     20  9279.673     9280.979     9369.638
466  DCMUT+F+I+G4  4586.902     36  9245.804     9250.053     9407.742
468  DCMUT+F+R3    4586.603     38  9249.207     9253.949     9420.141
477  DCMUT+F+I+R3  4584.647     39  9247.295     9252.295     9422.728
488  VT+I+G4       4600.742     17  9235.484     9236.431     9311.954
490  VT+R3         4593.874     19  9225.749     9226.929     9311.216
499  VT+I+R3       4593.389     20  9226.777     9228.084     9316.743
510  VT+F+I+G4     4564.820     36  9201.639     9205.888     9363.578
512  VT+F+R3       4558.951     38  9193.902     9198.644     9364.836
521  VT+F+I+R3     4558.140     39  9194.281     9199.281     9369.714
532  PMB+I+G4      4605.244     17  9244.488     9245.436     9320.959
534  PMB+R3        4596.781     19  9231.561     9232.741     9317.029
543  PMB+I+R3      4596.403     20  9232.806     9234.112     9322.771
554  PMB+F+I+G4    4569.853     36  9211.707     9215.956     9373.645
556  PMB+F+R3      4562.491     38  9200.981     9205.724     9371.916
565  PMB+F+I+R3    4561.824     39  9201.648     9206.648     9377.081
576  BLOSUM62+I+G4 4632.163     17  9298.325     9299.273     9374.796
578  BLOSUM62+R3   4623.174     19  9284.348     9285.528     9369.815
587  BLOSUM62+I+R3 4622.345     20  9284.690     9285.996     9374.655
598  BLOSUM62+F+I+G4 4571.460     36  9214.920     9219.169     9376.858
600  BLOSUM62+F+R3 4563.939     38  9203.878     9208.621     9374.813
609  BLOSUM62+F+I+R3 4562.816     39  9203.632     9208.632     9379.065
620  DAYHOFF+I+G4  4623.649     17  9281.298     9282.245     9357.769
622  DAYHOFF+R3    4620.841     19  9279.682     9280.862     9365.149
631  DAYHOFF+I+R3  4619.829     20  9279.657     9280.963     9369.623
642  DAYHOFF+F+I+G4 4586.891     36  9245.781     9250.030     9407.719
644  DAYHOFF+F+R3  4586.541     38  9249.083     9253.825     9420.018
653  DAYHOFF+F+I+R3 4584.989     39  9247.978     9252.978     9423.411
664  MTREV+I+G4    4824.346     17  9682.692     9683.639     9759.163
666  MTREV+R3      4821.160     19  9680.320     9681.500     9765.787
675  MTREV+I+R3    4817.790     20  9675.580     9676.887     9765.546
686  MTREV+F+I+G4  4594.022     36  9260.044     9264.293     9421.982
688  MTREV+F+R3    4593.085     38  9262.170     9266.912     9433.105
697  MTREV+F+I+R3  4590.327     39  9258.654     9263.654     9434.087
708  MTART+I+G4    4859.415     17  9752.830     9753.777     9829.301
710  MTART+R3      4865.201     19  9768.401     9769.581     9853.868
719  MTART+I+R3    4862.669     20  9765.338     9766.645     9855.304
730  MTART+F+I+G4  4599.876     36  9271.753     9276.002     9433.691
732  MTART+F+R3    4605.362     38  9286.723     9291.466     9457.658
741  MTART+F+I+R3  4602.155     39  9282.311     9287.311     9457.744
752  MTZOA+I+G4    4789.255     17  9612.509     9613.457     9688.980
754  MTZOA+R3      4789.361     19  9616.722     9617.902     9702.189
763  MTZOA+I+R3    4789.750     20  9619.500     9620.807     9709.466
774  MTZOA+F+I+G4  4585.648     36  9243.297     9247.546     9405.235
776  MTZOA+F+R3    4588.896     38  9253.791     9258.534     9424.726
785  MTZOA+F+I+R3  4587.731     39  9253.462     9258.462     9428.895
796  MTMET+I+G4    4867.235     17  9768.470     9769.417     9844.941
798  MTMET+R3      4868.393     19  9774.786     9775.966     9860.254
807  MTMET+I+R3    4867.410     20  9774.821     9776.127     9864.786
818  MTMET+F+I+G4  4578.093     36  9228.185     9232.434     9390.124
820  MTMET+F+R3    4580.310     38  9236.619     9241.362     9407.554
829  MTMET+F+I+R3  4578.162     39  9234.323     9239.323     9409.756
840  MTVER+I+G4    4842.455     17  9718.910     9719.857     9795.381
842  MTVER+R3      4847.204     19  9732.408     9733.588     9817.875
851  MTVER+I+R3    4842.270     20  9724.541     9725.847     9814.506
862  MTVER+F+I+G4  4588.129     36  9248.257     9252.506     9410.196
864  MTVER+F+R3    4590.850     38  9257.700     9262.442     9428.634
873  MTVER+F+I+R3  4588.304     39  9254.607     9259.607     9430.040
884  MTINV+I+G4    4950.401     17  9934.802     9935.749     10011.272
886  MTINV+R3      4948.395     19  9934.790     9935.970     10020.258
895  MTINV+I+R3    4948.493     20  9936.986     9938.293     10026.952
906  MTINV+F+I+G4  4575.130     36  9222.260     9226.509     9384.198
908  MTINV+F+R3    4576.774     38  9229.549     9234.291     9400.484
917  MTINV+F+I+R3  4574.522     39  9227.044     9232.044     9402.477
928  MTMAM+I+G4    4840.782     17  9715.563     9716.511     9792.034
930  MTMAM+R3      4852.761     19  9743.521     9744.702     9828.989
939  MTMAM+I+R3    4838.852     20  9717.705     9719.011     9807.670
950  MTMAM+F+I+G4  4598.813     36  9269.626     9273.875     9431.565
952  MTMAM+F+R3    4606.802     38  9289.604     9294.347     9460.539
961  MTMAM+F+I+R3  4599.099     39  9276.198     9281.198     9451.631
972  FLAVI+I+G4    4668.346     17  9370.693     9371.640     9447.163
974  FLAVI+R3      4672.094     19  9382.188     9383.368     9467.655
983  FLAVI+I+R3    4666.804     20  9373.608     9374.915     9463.574
994  FLAVI+F+I+G4  4595.141     36  9262.282     9266.530     9424.220
996  FLAVI+F+R3    4600.106     38  9276.211     9280.954     9447.146
1005  FLAVI+F+I+R3  4596.026     39  9270.052     9275.052     9445.485
1016  HIVB+I+G4     4633.872     17  9301.744     9302.691     9378.215
1018  HIVB+R3       4633.567     19  9305.135     9306.315     9390.602
1027  HIVB+I+R3     4632.289     20  9304.578     9305.885     9394.544
1038  HIVB+F+I+G4   4583.047     36  9238.095     9242.344     9400.033
1040  HIVB+F+R3     4583.947     38  9243.894     9248.636     9414.828
1049  HIVB+F+I+R3   4582.708     39  9243.415     9248.415     9418.848
1060  HIVW+I+G4     4748.847     17  9531.694     9532.642     9608.165
1062  HIVW+R3       4754.743     19  9547.485     9548.665     9632.953
1071  HIVW+I+R3     4749.495     20  9538.989     9540.296     9628.955
1082  HIVW+F+I+G4   4602.471     36  9276.942     9281.190     9438.880
1084  HIVW+F+R3     4608.928     38  9293.857     9298.599     9464.791
1093  HIVW+F+I+R3   4603.333     39  9284.665     9289.665     9460.098
1104  FLU+I+G4      4656.158     17  9346.317     9347.264     9422.787
1106  FLU+R3        4659.953     19  9357.906     9359.086     9443.374
1115  FLU+I+R3      4654.486     20  9348.973     9350.279     9438.938
1126  FLU+F+I+G4    4585.423     36  9242.847     9247.096     9404.785
1128  FLU+F+R3      4587.804     38  9251.607     9256.350     9422.542
1137  FLU+F+I+R3    4583.289     39  9244.577     9249.577     9420.010
1148  RTREV+I+G4    4636.318     17  9306.635     9307.583     9383.106
1150  RTREV+R3      4634.511     19  9307.022     9308.202     9392.489
1159  RTREV+I+R3    4634.985     20  9309.969     9311.276     9399.935
1170  RTREV+F+I+G4  4573.018     36  9218.037     9222.286     9379.975
1172  RTREV+F+R3    4571.765     38  9219.530     9224.272     9390.465
1181  RTREV+F+I+R3  4571.166     39  9220.332     9225.332     9395.765
1192  CPREV+I+G4    4620.940     17  9275.881     9276.828     9352.351
1194  CPREV+R3      4620.947     19  9279.893     9281.074     9365.361
1203  CPREV+I+R3    4620.299     20  9280.597     9281.904     9370.563
1214  CPREV+F+I+G4  4569.120     36  9210.239     9214.488     9372.177
1216  CPREV+F+R3    4568.900     38  9213.799     9218.542     9384.734
1225  CPREV+F+I+R3  4567.498     39  9212.996     9217.996     9388.429
Akaike Information Criterion:           Q.MAMMAL+I+G4
Corrected Akaike Information Criterion: Q.MAMMAL+I+G4
Bayesian Information Criterion:         Q.MAMMAL+I+G4
Best-fit model: Q.MAMMAL+I+G4 chosen according to BIC

All model information printed to OTX2-aligned.phy.model.gz
CPU time for ModelFinder: 9.931 seconds (0h:0m:9s)
Wall-clock time for ModelFinder: 9.953 seconds (0h:0m:9s)
Generating 1000 samples for ultrafast bootstrap (seed: 281309)...

NOTE: 3 MB RAM (0 GB) is required!
Estimate model parameters (epsilon = 0.100)
Thoroughly optimizing +I+G parameters from 10 start values...
Init pinv, alpha: 0.000, 0.551 / Estimate: 0.000, 0.141 / LogL: -4609.432
Init pinv, alpha: 0.075, 0.551 / Estimate: 0.235, 0.149 / LogL: -4579.343
Init pinv, alpha: 0.150, 0.551 / Estimate: 0.243, 0.156 / LogL: -4579.169
Init pinv, alpha: 0.225, 0.551 / Estimate: 0.273, 0.169 / LogL: -4578.998
Init pinv, alpha: 0.300, 0.551 / Estimate: 0.306, 0.181 / LogL: -4579.181
Init pinv, alpha: 0.375, 0.551 / Estimate: 0.320, 0.187 / LogL: -4579.356
Init pinv, alpha: 0.450, 0.551 / Estimate: 0.505, 0.456 / LogL: -4579.276
Init pinv, alpha: 0.525, 0.551 / Estimate: 0.518, 0.499 / LogL: -4579.300
Init pinv, alpha: 0.600, 0.551 / Estimate: 0.523, 0.512 / LogL: -4579.338
Init pinv, alpha: 0.675, 0.551 / Estimate: 0.522, 0.512 / LogL: -4579.337
Optimal pinv,alpha: 0.273, 0.169 / LogL: -4578.998

Parameters optimization took 1.315 sec
Wrote distance file to... 
Computing ML distances based on estimated model parameters...
Calculating distance matrix: done in 0.00458836 secs using 99.9% CPU
Computing ML distances took 0.004612 sec (of wall-clock time) 0.004609 sec (of CPU time)
Setting up auxiliary I and S matrices: done in 1.4356e-05 secs using 97.52% CPU
Constructing RapidNJ tree: done in 1.8792e-05 secs using 101.1% CPU
Computing RapidNJ tree took 0.000054 sec (of wall-clock time) 0.000054 sec (of CPU time)
Log-likelihood of RapidNJ tree: -4588.525
--------------------------------------------------------------------
|             INITIALIZING CANDIDATE TREE SET                      |
--------------------------------------------------------------------
Generating 98 parsimony trees... 0.018 second
Computing log-likelihood of 90 initial trees ... 0.282 seconds
Current best score: -4578.998

Do NNI search on 20 best initial trees
Optimizing NNI: done in 0.0216744 secs using 99.91% CPU
Estimate model parameters (epsilon = 0.100)
BETTER TREE FOUND at iteration 1: -4578.840
Optimizing NNI: done in 0.0647134 secs using 99.92% CPU
Optimizing NNI: done in 0.0916113 secs using 99.92% CPU
Estimate model parameters (epsilon = 0.100)
BETTER TREE FOUND at iteration 3: -4578.304
Optimizing NNI: done in 0.0763836 secs using 99.92% CPU
Optimizing NNI: done in 0.123087 secs using 99.92% CPU
Estimate model parameters (epsilon = 0.100)
BETTER TREE FOUND at iteration 5: -4577.692
Optimizing NNI: done in 0.120846 secs using 98.26% CPU
Optimizing NNI: done in 0.0787443 secs using 99.91% CPU
Optimizing NNI: done in 0.0799219 secs using 98.67% CPU
Optimizing NNI: done in 0.0975185 secs using 98.9% CPU
Optimizing NNI: done in 0.0770124 secs using 98.63% CPU
Estimate model parameters (epsilon = 0.100)
UPDATE BEST LOG-LIKELIHOOD: -4577.492
Iteration 10 / LogL: -4577.492 / Time: 0h:0m:12s
Optimizing NNI: done in 0.122094 secs using 99.92% CPU
Optimizing NNI: done in 0.108245 secs using 99.92% CPU
Optimizing NNI: done in 0.122991 secs using 99.92% CPU
Optimizing NNI: done in 0.0736365 secs using 99.91% CPU
Optimizing NNI: done in 0.0731784 secs using 99.92% CPU
Optimizing NNI: done in 0.0665182 secs using 99.55% CPU
Optimizing NNI: done in 0.121662 secs using 99.91% CPU
Optimizing NNI: done in 0.0766218 secs using 99.92% CPU
Optimizing NNI: done in 0.078434 secs using 99.92% CPU
Optimizing NNI: done in 0.122301 secs using 99.92% CPU
Iteration 20 / LogL: -4578.316 / Time: 0h:0m:13s
Finish initializing candidate tree set (6)
Current best tree score: -4577.492 / CPU time: 2.156
Number of iterations: 20
--------------------------------------------------------------------
|               OPTIMIZING CANDIDATE TREE SET                      |
--------------------------------------------------------------------
Optimizing NNI: done in 0.12044 secs using 99.08% CPU
Optimizing NNI: done in 0.0270668 secs using 99.89% CPU
Optimizing NNI: done in 0.0963345 secs using 99.92% CPU
Optimizing NNI: done in 0.0385029 secs using 99.92% CPU
Optimizing NNI: done in 0.0696437 secs using 99.92% CPU
Optimizing NNI: done in 0.020999 secs using 99.92% CPU
Optimizing NNI: done in 0.0672937 secs using 99.92% CPU
Optimizing NNI: done in 0.0545463 secs using 99.92% CPU
Optimizing NNI: done in 0.0673721 secs using 99.92% CPU
Optimizing NNI: done in 0.0585512 secs using 99.89% CPU
Iteration 30 / LogL: -4577.811 / Time: 0h:0m:14s (0h:0m:10s left)
Optimizing NNI: done in 0.0349036 secs using 99.92% CPU
Optimizing NNI: done in 0.0515048 secs using 99.91% CPU
Optimizing NNI: done in 0.0389603 secs using 99.91% CPU
Optimizing NNI: done in 0.0260911 secs using 99.92% CPU
Optimizing NNI: done in 0.0815083 secs using 99.92% CPU
Optimizing NNI: done in 0.0487873 secs using 99.92% CPU
Optimizing NNI: done in 0.0369473 secs using 99.92% CPU
Optimizing NNI: done in 0.0251269 secs using 99.91% CPU
Optimizing NNI: done in 0.080243 secs using 98.67% CPU
Optimizing NNI: done in 0.0816088 secs using 99.92% CPU
Estimate model parameters (epsilon = 0.100)
UPDATE BEST LOG-LIKELIHOOD: -4577.226
Iteration 40 / LogL: -4577.226 / Time: 0h:0m:14s (0h:0m:7s left)
Optimizing NNI: done in 0.0516289 secs using 99.89% CPU
BETTER TREE FOUND at iteration 41: -4577.226
Optimizing NNI: done in 0.034717 secs using 99.91% CPU
Optimizing NNI: done in 0.0235265 secs using 99.91% CPU
Optimizing NNI: done in 0.0360385 secs using 99.92% CPU
Optimizing NNI: done in 0.0242613 secs using 99.9% CPU
Optimizing NNI: done in 0.0356773 secs using 99.9% CPU
Optimizing NNI: done in 0.0489883 secs using 99.92% CPU
Optimizing NNI: done in 0.0799263 secs using 99.92% CPU
Optimizing NNI: done in 0.0680182 secs using 99.92% CPU
Optimizing NNI: done in 0.0625905 secs using 99.91% CPU
Iteration 50 / LogL: -4578.775 / Time: 0h:0m:15s (0h:0m:9s left)
Log-likelihood cutoff on original alignment: -4603.601
Optimizing NNI: done in 0.0253352 secs using 95.97% CPU
Optimizing NNI: done in 0.062274 secs using 99.92% CPU
Optimizing NNI: done in 0.0268086 secs using 99.92% CPU
Optimizing NNI: done in 0.0131932 secs using 99.89% CPU
UPDATE BEST LOG-LIKELIHOOD: -4577.226
Optimizing NNI: done in 0.0548144 secs using 99.9% CPU
Optimizing NNI: done in 0.0230849 secs using 99.91% CPU
Optimizing NNI: done in 0.0552096 secs using 99.92% CPU
Optimizing NNI: done in 0.0487018 secs using 99.92% CPU
Optimizing NNI: done in 0.0255816 secs using 99.91% CPU
Optimizing NNI: done in 0.0400443 secs using 97.43% CPU
Iteration 60 / LogL: -4577.690 / Time: 0h:0m:15s (0h:0m:7s left)
Optimizing NNI: done in 0.108251 secs using 99.92% CPU
Optimizing NNI: done in 0.0543708 secs using 99.92% CPU
UPDATE BEST LOG-LIKELIHOOD: -4577.226
Optimizing NNI: done in 0.0385977 secs using 99.88% CPU
Optimizing NNI: done in 0.0380444 secs using 99.91% CPU
Optimizing NNI: done in 0.0357436 secs using 99.92% CPU
Optimizing NNI: done in 0.0259968 secs using 99.92% CPU
Optimizing NNI: done in 0.0347439 secs using 99.91% CPU
Optimizing NNI: done in 0.0426142 secs using 99.92% CPU
Optimizing NNI: done in 0.0548156 secs using 98.08% CPU
Optimizing NNI: done in 0.0373394 secs using 99.92% CPU
Iteration 70 / LogL: -4577.690 / Time: 0h:0m:16s (0h:0m:6s left)
Optimizing NNI: done in 0.0423565 secs using 99.92% CPU
Optimizing NNI: done in 0.0228312 secs using 99.92% CPU
UPDATE BEST LOG-LIKELIHOOD: -4577.226
Optimizing NNI: done in 0.0975574 secs using 99.89% CPU
Optimizing NNI: done in 0.0256673 secs using 99.91% CPU
UPDATE BEST LOG-LIKELIHOOD: -4577.226
Optimizing NNI: done in 0.0259704 secs using 99.89% CPU
Optimizing NNI: done in 0.0374635 secs using 99.91% CPU
Optimizing NNI: done in 0.025976 secs using 99.87% CPU
Optimizing NNI: done in 0.0382091 secs using 99.92% CPU
Optimizing NNI: done in 0.0391956 secs using 99.92% CPU
Optimizing NNI: done in 0.0557587 secs using 99.92% CPU
Iteration 80 / LogL: -4577.690 / Time: 0h:0m:16s (0h:0m:5s left)
Optimizing NNI: done in 0.0239247 secs using 99.92% CPU
Optimizing NNI: done in 0.055022 secs using 98.1% CPU
Optimizing NNI: done in 0.0583478 secs using 99.92% CPU
Optimizing NNI: done in 0.0698084 secs using 99.92% CPU
Optimizing NNI: done in 0.0405684 secs using 99.92% CPU
Optimizing NNI: done in 0.0509177 secs using 99.92% CPU
Optimizing NNI: done in 0.120774 secs using 99.92% CPU
Optimizing NNI: done in 0.0375784 secs using 99.9% CPU
Optimizing NNI: done in 0.0526563 secs using 97.99% CPU
Optimizing NNI: done in 0.0354997 secs using 99.92% CPU
Iteration 90 / LogL: -4577.499 / Time: 0h:0m:16s (0h:0m:4s left)
Optimizing NNI: done in 0.0284034 secs using 99.92% CPU
Optimizing NNI: done in 0.038232 secs using 99.91% CPU
Optimizing NNI: done in 0.0317024 secs using 99.93% CPU
Optimizing NNI: done in 0.0871506 secs using 99.91% CPU
Optimizing NNI: done in 0.0378187 secs using 99.92% CPU
Optimizing NNI: done in 0.0358165 secs using 99.92% CPU
Optimizing NNI: done in 0.0624472 secs using 98.32% CPU
Optimizing NNI: done in 0.0743903 secs using 99.92% CPU
Optimizing NNI: done in 0.0370746 secs using 99.92% CPU
Optimizing NNI: done in 0.0446834 secs using 99.92% CPU
Iteration 100 / LogL: -4577.226 / Time: 0h:0m:17s (0h:0m:3s left)
Log-likelihood cutoff on original alignment: -4603.601
NOTE: Bootstrap correlation coefficient of split occurrence frequencies: 0.992
Optimizing NNI: done in 0.0687677 secs using 99.92% CPU
Optimizing NNI: done in 0.0962472 secs using 98.88% CPU
Optimizing NNI: done in 0.0692927 secs using 98.47% CPU
Optimizing NNI: done in 0.0133244 secs using 99.91% CPU
Optimizing NNI: done in 0.0336775 secs using 99.92% CPU
Optimizing NNI: done in 0.0264401 secs using 99.91% CPU
Optimizing NNI: done in 0.0423383 secs using 99.92% CPU
Optimizing NNI: done in 0.0240448 secs using 99.91% CPU
UPDATE BEST LOG-LIKELIHOOD: -4577.226
Optimizing NNI: done in 0.0530654 secs using 99.89% CPU
Optimizing NNI: done in 0.038455 secs using 99.91% CPU
Iteration 110 / LogL: -4577.830 / Time: 0h:0m:17s (0h:0m:6s left)
Optimizing NNI: done in 0.0242402 secs using 99.92% CPU
Optimizing NNI: done in 0.0686092 secs using 99.92% CPU
Optimizing NNI: done in 0.0267578 secs using 99.92% CPU
UPDATE BEST LOG-LIKELIHOOD: -4577.226
Optimizing NNI: done in 0.0475311 secs using 99.86% CPU
Optimizing NNI: done in 0.0328999 secs using 99.92% CPU
Optimizing NNI: done in 0.0942931 secs using 99.92% CPU
Optimizing NNI: done in 0.0500565 secs using 99.92% CPU
Optimizing NNI: done in 0.0631243 secs using 99.92% CPU
Optimizing NNI: done in 0.0243588 secs using 99.91% CPU
Optimizing NNI: done in 0.0389436 secs using 99.91% CPU
Iteration 120 / LogL: -4577.494 / Time: 0h:0m:18s (0h:0m:5s left)
Optimizing NNI: done in 0.0358855 secs using 99.9% CPU
Optimizing NNI: done in 0.0261119 secs using 99.92% CPU
Optimizing NNI: done in 0.0610446 secs using 99.92% CPU
Optimizing NNI: done in 0.0286536 secs using 99.92% CPU
Optimizing NNI: done in 0.0514535 secs using 97.98% CPU
Optimizing NNI: done in 0.0135296 secs using 99.91% CPU
Optimizing NNI: done in 0.0384377 secs using 99.92% CPU
Optimizing NNI: done in 0.034958 secs using 99.92% CPU
Optimizing NNI: done in 0.0249864 secs using 99.92% CPU
Optimizing NNI: done in 0.077166 secs using 99.92% CPU
Iteration 130 / LogL: -4577.226 / Time: 0h:0m:18s (0h:0m:4s left)
Optimizing NNI: done in 0.0963572 secs using 99.92% CPU
Optimizing NNI: done in 0.0130957 secs using 99.9% CPU
UPDATE BEST LOG-LIKELIHOOD: -4577.226
Optimizing NNI: done in 0.0803099 secs using 99.9% CPU
Optimizing NNI: done in 0.0968701 secs using 99.91% CPU
Optimizing NNI: done in 0.0362495 secs using 99.91% CPU
Optimizing NNI: done in 0.0418916 secs using 99.92% CPU
Optimizing NNI: done in 0.0428113 secs using 99.91% CPU
Optimizing NNI: done in 0.040376 secs using 99.92% CPU
Optimizing NNI: done in 0.0444435 secs using 99.92% CPU
Optimizing NNI: done in 0.103578 secs using 97.98% CPU
Iteration 140 / LogL: -4577.823 / Time: 0h:0m:19s (0h:0m:4s left)
Optimizing NNI: done in 0.0371963 secs using 99.92% CPU
Optimizing NNI: done in 0.0585699 secs using 99.92% CPU
TREE SEARCH COMPLETED AFTER 142 ITERATIONS / Time: 0h:0m:19s

--------------------------------------------------------------------
|                    FINALIZING TREE SEARCH                        |
--------------------------------------------------------------------
Performs final model parameters optimization
Estimate model parameters (epsilon = 0.010)
1. Initial log-likelihood: -4577.226
Optimal log-likelihood: -4577.221
Proportion of invariable sites: 0.282
Gamma shape alpha: 0.164
Parameters optimization took 1 rounds (0.011 sec)
BEST SCORE FOUND : -4577.221

Testing tree branches by SH-like aLRT with 1000 replicates...
0.051 sec.
Creating bootstrap support values...
Split supports printed to NEXUS file OTX2-aligned.phy.splits.nex
Total tree length: 21.162

Total number of iterations: 142
CPU time used for tree search: 8.264 sec (0h:0m:8s)
Wall-clock time used for tree search: 8.293 sec (0h:0m:8s)
Total CPU time used: 19.615 sec (0h:0m:19s)
Total wall-clock time used: 19.670 sec (0h:0m:19s)

Computing bootstrap consensus tree...
Reading input file OTX2-aligned.phy.splits.nex...
9 taxa and 98 splits.
Consensus tree written to OTX2-aligned.phy.contree
Reading input trees file OTX2-aligned.phy.contree
Log-likelihood of consensus tree: -4577.697

Analysis results written to: 
  IQ-TREE report:                OTX2-aligned.phy.iqtree
  Maximum-likelihood tree:       OTX2-aligned.phy.treefile
  Likelihood distances:          OTX2-aligned.phy.mldist

Ultrafast bootstrap approximation results written to:
  Split support values:          OTX2-aligned.phy.splits.nex
  Consensus tree:                OTX2-aligned.phy.contree
  Screen log file:               OTX2-aligned.phy.log

Date and Time: Wed Dec 17 22:22:21 2025
